i:\demo\video\video\video\debug\mainwindow.obj
i:\demo\video\video\video\debug\main.obj
i:\demo\video\video\video\debug\vc142.pdb
i:\demo\video\video\video\debug\moc_mainwindow.obj
i:\demo\video\video\video\debug\qrc_src.obj
i:\demo\video\video\video\debug\moc_predefs.h
i:\demo\video\video\video\debug\video.ilk
i:\demo\video\video\video\debug\video.exe
i:\demo\video\video\video\debug\video.pdb
i:\demo\video\video\video\debug\moc_mainwindow.cpp
i:\demo\video\video\video\debug\qrc_src.cpp
i:\demo\video\video\video\ui_mainwindow.h
i:\demo\video\video\video\debug\video.tlog\cl.13424.write.1.tlog
i:\demo\video\video\video\debug\video.tlog\cl.command.1.tlog
i:\demo\video\video\video\debug\video.tlog\cl.read.1.tlog
i:\demo\video\video\video\debug\video.tlog\custombuild.command.1.tlog
i:\demo\video\video\video\debug\video.tlog\custombuild.read.1.tlog
i:\demo\video\video\video\debug\video.tlog\custombuild.write.1.tlog
i:\demo\video\video\video\debug\video.tlog\link.command.1.tlog
i:\demo\video\video\video\debug\video.tlog\link.read.1.tlog
i:\demo\video\video\video\debug\video.tlog\link.write.1.tlog
i:\demo\video\video\video\debug\video.tlog\moc.read.1u.tlog
i:\demo\video\video\video\debug\video.tlog\moc.write.1u.tlog
i:\demo\video\video\video\debug\video.tlog\rcc.read.1u.tlog
i:\demo\video\video\video\debug\video.tlog\rcc.write.1u.tlog
i:\demo\video\video\video\debug\video.tlog\uic.read.1u.tlog
i:\demo\video\video\video\debug\video.tlog\uic.write.1u.tlog
i:\demo\video\video\video\debug\video.tlog\video.write.1u.tlog
